<?xml version="1.0" encoding="UTF-8"?>
<!-- Generated by org.testng.reporters.JUnitXMLReporter -->
<testsuite ignored="6" hostname="LAPTOP-4E0BVMRO" failures="0" tests="3" name="Test" time="0.087" errors="0" timestamp="2024-09-01T21:00:22 IST">
  <testcase classname="TestNgXml.ClassA" name="method1" time="0.013"/>
  <testcase classname="TestNgXml.ClassB" name="method2" time="0.002"/>
  <testcase classname="TestNgXml.ClassC" name="method3" time="0.003"/>
  <testcase classname="TestNgXml.ClassB" name="method1" time="0.0">
    <ignored/>
  </testcase> <!-- method1 -->
  <testcase classname="TestNgXml.ClassA" name="method3" time="0.0">
    <ignored/>
  </testcase> <!-- method3 -->
  <testcase classname="TestNgXml.ClassA" name="method2" time="0.0">
    <ignored/>
  </testcase> <!-- method2 -->
  <testcase classname="TestNgXml.ClassB" name="method3" time="0.0">
    <ignored/>
  </testcase> <!-- method3 -->
  <testcase classname="TestNgXml.ClassC" name="method1" time="0.0">
    <ignored/>
  </testcase> <!-- method1 -->
  <testcase classname="TestNgXml.ClassC" name="method2" time="0.0">
    <ignored/>
  </testcase> <!-- method2 -->
</testsuite> <!-- Test -->
