<?xml version="1.0" encoding="UTF-8"?>
<!-- Generated by org.testng.reporters.JUnitXMLReporter -->
<testsuite ignored="0" hostname="LAPTOP-4E0BVMRO" failures="0" tests="3" name="Default test" time="14.858" errors="0" timestamp="2024-12-21T23:25:22 IST">
  <testcase classname="TestNg.Annotations" name="VarifyLoginWithValidCredential" time="1.297"/>
  <testcase classname="TestNg.Annotations" name="VarifyLoginWithValidUsernameAndInvalidPassword" time="0.468"/>
  <testcase classname="TestNg.Annotations" name="VarifyLoginWithInvalidUsernameAndValidPassword" time="0.461"/>
</testsuite> <!-- Default test -->
