<?xml version="1.0" encoding="UTF-8"?>
<!-- Generated by org.testng.reporters.JUnitXMLReporter -->
<testsuite ignored="0" hostname="LAPTOP-4E0BVMRO" failures="0" tests="3" name="Default test" time="16.024" errors="0" timestamp="2024-12-17T13:43:51 IST">
  <testcase classname="TestNg.DataProvider1" name="VarifyLoginWithInValidCredential" time="1.676"/>
  <testcase classname="TestNg.DataProvider1" name="VarifyLoginWithInValidCredential" time="1.102"/>
  <testcase classname="TestNg.DataProvider1" name="VarifyLoginWithInValidCredential" time="6.174"/>
</testsuite> <!-- Default test -->
