<?xml version="1.0" encoding="UTF-8"?>
<testng-results ignored="0" total="3" passed="3" failed="0" skipped="0">
  <reporter-output>
  </reporter-output>
  <suite started-at="2024-12-17T13:43:35 IST" name="Default suite" finished-at="2024-12-17T13:43:51 IST" duration-ms="16024">
    <groups>
    </groups>
    <test started-at="2024-12-17T13:43:35 IST" name="Default test" finished-at="2024-12-17T13:43:51 IST" duration-ms="16024">
      <class name="TestNg.DataProvider1">
        <test-method is-config="true" signature="setUp()[pri:0, instance:TestNg.DataProvider1@6bbe85a8]" started-at="2024-12-17T13:43:35 IST" name="setUp" finished-at="2024-12-17T13:43:38 IST" duration-ms="3233" status="PASS">
          <reporter-output>
          </reporter-output>
        </test-method> <!-- setUp -->
        <test-method signature="VarifyLoginWithInValidCredential([Ljava.lang.String;)[pri:0, instance:TestNg.DataProvider1@6bbe85a8]" started-at="2024-12-17T13:43:38 IST" name="VarifyLoginWithInValidCredential" data-provider="getTestData" finished-at="2024-12-17T13:43:40 IST" duration-ms="1676" status="PASS">
          <params>
            <param index="0">
              <value>
                <![CDATA[[Ljava.lang.String;@6009bea]]>
              </value>
            </param>
          </params>
          <reporter-output>
          </reporter-output>
        </test-method> <!-- VarifyLoginWithInValidCredential -->
        <test-method is-config="true" signature="tearDown()[pri:0, instance:TestNg.DataProvider1@6bbe85a8]" started-at="2024-12-17T13:43:40 IST" name="tearDown" finished-at="2024-12-17T13:43:40 IST" duration-ms="303" status="PASS">
          <reporter-output>
          </reporter-output>
        </test-method> <!-- tearDown -->
        <test-method is-config="true" signature="setUp()[pri:0, instance:TestNg.DataProvider1@6bbe85a8]" started-at="2024-12-17T13:43:40 IST" name="setUp" finished-at="2024-12-17T13:43:42 IST" duration-ms="1576" status="PASS">
          <reporter-output>
          </reporter-output>
        </test-method> <!-- setUp -->
        <test-method signature="VarifyLoginWithInValidCredential([Ljava.lang.String;)[pri:0, instance:TestNg.DataProvider1@6bbe85a8]" started-at="2024-12-17T13:43:42 IST" name="VarifyLoginWithInValidCredential" data-provider="getTestData" finished-at="2024-12-17T13:43:43 IST" duration-ms="1102" status="PASS">
          <params>
            <param index="0">
              <value>
                <![CDATA[[Ljava.lang.String;@4aaae508]]>
              </value>
            </param>
          </params>
          <reporter-output>
          </reporter-output>
        </test-method> <!-- VarifyLoginWithInValidCredential -->
        <test-method is-config="true" signature="tearDown()[pri:0, instance:TestNg.DataProvider1@6bbe85a8]" started-at="2024-12-17T13:43:43 IST" name="tearDown" finished-at="2024-12-17T13:43:43 IST" duration-ms="221" status="PASS">
          <reporter-output>
          </reporter-output>
        </test-method> <!-- tearDown -->
        <test-method is-config="true" signature="setUp()[pri:0, instance:TestNg.DataProvider1@6bbe85a8]" started-at="2024-12-17T13:43:43 IST" name="setUp" finished-at="2024-12-17T13:43:45 IST" duration-ms="1402" status="PASS">
          <reporter-output>
          </reporter-output>
        </test-method> <!-- setUp -->
        <test-method signature="VarifyLoginWithInValidCredential([Ljava.lang.String;)[pri:0, instance:TestNg.DataProvider1@6bbe85a8]" started-at="2024-12-17T13:43:45 IST" name="VarifyLoginWithInValidCredential" data-provider="getTestData" finished-at="2024-12-17T13:43:51 IST" duration-ms="6174" status="PASS">
          <params>
            <param index="0">
              <value>
                <![CDATA[[Ljava.lang.String;@7bc6d27a]]>
              </value>
            </param>
          </params>
          <reporter-output>
          </reporter-output>
        </test-method> <!-- VarifyLoginWithInValidCredential -->
        <test-method is-config="true" signature="tearDown()[pri:0, instance:TestNg.DataProvider1@6bbe85a8]" started-at="2024-12-17T13:43:51 IST" name="tearDown" finished-at="2024-12-17T13:43:51 IST" duration-ms="257" status="PASS">
          <reporter-output>
          </reporter-output>
        </test-method> <!-- tearDown -->
      </class> <!-- TestNg.DataProvider1 -->
    </test> <!-- Default test -->
  </suite> <!-- Default suite -->
</testng-results>
